Mar 20, 2014 5:46:18 PM null
INFO: SUMMARY:=========================================================
Mar 20, 2014 5:46:18 PM null
INFO: Last Modified: Mar 19, 2014 11:24:56 AM
Mar 20, 2014 5:46:18 PM null
INFO: Source Folder: C:\Temp\Zhijun
Mar 20, 2014 5:46:18 PM null
INFO: Subfolders: 1
Mar 20, 2014 5:46:18 PM null
INFO: Files: 3
Mar 20, 2014 5:46:18 PM null
INFO: Size: 4841705 bytes
Mar 20, 2014 5:46:18 PM null
INFO: Unaccessible: 0 files
Mar 20, 2014 5:46:18 PM null
INFO: -----------------------------------------------------------------
Mar 20, 2014 5:46:35 PM null
INFO: SUMMARY:=========================================================
Mar 20, 2014 5:46:35 PM null
INFO: Last Modified: Jan 12, 2014 4:38:14 PM
Mar 20, 2014 5:46:35 PM null
INFO: Source Folder: C:\Users\Zhijun Zhang
Mar 20, 2014 5:46:35 PM null
INFO: Subfolders: 410
Mar 20, 2014 5:46:35 PM null
INFO: Files: 1012
Mar 20, 2014 5:46:35 PM null
INFO: Size: 51732946 bytes
Mar 20, 2014 5:46:35 PM null
INFO: Unaccessible: 0 files
Mar 20, 2014 5:46:35 PM null
INFO: -----------------------------------------------------------------
Mar 20, 2014 9:58:34 PM null
INFO: SUMMARY:=========================================================
Mar 20, 2014 9:58:34 PM null
INFO: Last Modified: Mar 19, 2014 11:24:56 AM
Mar 20, 2014 9:58:34 PM null
INFO: Source Folder: C:\Temp\Zhijun
Mar 20, 2014 9:58:34 PM null
INFO: Subfolders: 1
Mar 20, 2014 9:58:34 PM null
INFO: Files: 3
Mar 20, 2014 9:58:34 PM null
INFO: Size: 4841705 bytes
Mar 20, 2014 9:58:34 PM null
INFO: Unaccessible: 0 files
Mar 20, 2014 9:58:34 PM null
INFO: -----------------------------------------------------------------
Mar 20, 2014 10:09:00 PM null
INFO: SUMMARY:=========================================================
Mar 20, 2014 10:09:00 PM null
INFO: Last Modified: Mar 19, 2014 11:24:56 AM
Mar 20, 2014 10:09:00 PM null
INFO: Source Folder: C:\Temp\Zhijun
Mar 20, 2014 10:09:00 PM null
INFO: Subfolders: 1
Mar 20, 2014 10:09:00 PM null
INFO: Files: 3
Mar 20, 2014 10:09:00 PM null
INFO: Size: 4841705 bytes
Mar 20, 2014 10:09:00 PM null
INFO: Unaccessible: 0 files
Mar 20, 2014 10:09:00 PM null
INFO: -----------------------------------------------------------------
Mar 20, 2014 10:20:24 PM null
INFO: SUMMARY:=========================================================
Mar 20, 2014 10:20:24 PM null
INFO: Last Modified: Mar 19, 2014 11:24:56 AM
Mar 20, 2014 10:20:24 PM null
INFO: Source Folder: C:\Temp\Zhijun
Mar 20, 2014 10:20:24 PM null
INFO: Subfolders: 1
Mar 20, 2014 10:20:24 PM null
INFO: Files: 3
Mar 20, 2014 10:20:24 PM null
INFO: Size: 4841705 bytes
Mar 20, 2014 10:20:24 PM null
INFO: Unaccessible: 0 files
Mar 20, 2014 10:20:24 PM null
INFO: -----------------------------------------------------------------
Mar 20, 2014 10:22:53 PM null
INFO: SUMMARY:=========================================================
Mar 20, 2014 10:22:53 PM null
INFO: Last Modified: Mar 19, 2014 11:24:56 AM
Mar 20, 2014 10:22:53 PM null
INFO: Source Folder: C:\Temp\Zhijun
Mar 20, 2014 10:22:53 PM null
INFO: Subfolders: 1
Mar 20, 2014 10:22:53 PM null
INFO: Files: 3
Mar 20, 2014 10:22:53 PM null
INFO: Size: 4841705 bytes
Mar 20, 2014 10:22:53 PM null
INFO: Unaccessible: 0 files
Mar 20, 2014 10:22:53 PM null
INFO: -----------------------------------------------------------------
Mar 20, 2014 10:27:39 PM null
INFO: SUMMARY:=========================================================
Mar 20, 2014 10:27:39 PM null
INFO: Last Modified: Mar 20, 2014 10:26:09 PM
Mar 20, 2014 10:27:39 PM null
INFO: Source Folder: G:\Documents\My_Family\Zhijun
Mar 20, 2014 10:27:39 PM null
INFO: Subfolders: 3
Mar 20, 2014 10:27:39 PM null
INFO: Files: 24
Mar 20, 2014 10:27:39 PM null
INFO: Size: 283073893 bytes
Mar 20, 2014 10:27:39 PM null
INFO: Unaccessible: 0 files
Mar 20, 2014 10:27:39 PM null
INFO: -----------------------------------------------------------------
Mar 20, 2014 10:46:39 PM null
INFO: SUMMARY:=========================================================
Mar 20, 2014 10:46:39 PM null
INFO: Last Modified: Jul 29, 2013 2:22:13 PM
Mar 20, 2014 10:46:39 PM null
INFO: Source Folder: G:\Repository
Mar 20, 2014 10:46:39 PM null
INFO: Subfolders: 5
Mar 20, 2014 10:46:39 PM null
INFO: Files: 88
Mar 20, 2014 10:46:39 PM null
INFO: Size: 3851553 bytes
Mar 20, 2014 10:46:39 PM null
INFO: Unaccessible: 0 files
Mar 20, 2014 10:46:39 PM null
INFO: -----------------------------------------------------------------

