Apr 05, 2019 12:14:54 AM null
INFO: SUMMARY:=========================================================
Apr 05, 2019 12:14:54 AM null
INFO: Last Modified: Mar 1, 2019 9:04:41 AM
Apr 05, 2019 12:14:54 AM null
INFO: Source Folder: C:\Users\zhijun98\Documents\ZComApproach
Apr 05, 2019 12:14:54 AM null
INFO: Subfolders: 5
Apr 05, 2019 12:14:54 AM null
INFO: Files: 44
Apr 05, 2019 12:14:54 AM null
INFO: Size: 131279844 bytes
Apr 05, 2019 12:14:54 AM null
INFO: Unaccessible: 0 files
Apr 05, 2019 12:14:54 AM null
INFO: -----------------------------------------------------------------
Apr 05, 2019 8:30:17 AM null
INFO: SUMMARY:=========================================================
Apr 05, 2019 8:30:17 AM null
INFO: Last Modified: Mar 1, 2019 9:04:41 AM
Apr 05, 2019 8:30:17 AM null
INFO: Source Folder: C:\Users\zhijun98\Documents\ZComApproach
Apr 05, 2019 8:30:17 AM null
INFO: Subfolders: 25
Apr 05, 2019 8:30:17 AM null
INFO: Files: 268
Apr 05, 2019 8:30:17 AM null
INFO: Size: 151524599 bytes
Apr 05, 2019 8:30:17 AM null
INFO: Unaccessible: 0 files
Apr 05, 2019 8:30:17 AM null
INFO: -----------------------------------------------------------------
Apr 05, 2019 8:52:19 AM null
INFO: SUMMARY:=========================================================
Apr 05, 2019 8:52:19 AM null
INFO: Last Modified: Mar 1, 2019 9:04:41 AM
Apr 05, 2019 8:52:19 AM null
INFO: Source Folder: C:\Users\zhijun98\Documents\ZComApproach
Apr 05, 2019 8:52:19 AM null
INFO: Subfolders: 27
Apr 05, 2019 8:52:19 AM null
INFO: Files: 300
Apr 05, 2019 8:52:19 AM null
INFO: Size: 152822844 bytes
Apr 05, 2019 8:52:19 AM null
INFO: Unaccessible: 0 files
Apr 05, 2019 8:52:19 AM null
INFO: -----------------------------------------------------------------
Apr 05, 2019 8:57:25 AM null
INFO: SUMMARY:=========================================================
Apr 05, 2019 8:57:25 AM null
INFO: Last Modified: Mar 1, 2019 9:04:41 AM
Apr 05, 2019 8:57:25 AM null
INFO: Source Folder: C:\Users\zhijun98\Documents\ZComApproach
Apr 05, 2019 8:57:25 AM null
INFO: Subfolders: 8
Apr 05, 2019 8:57:25 AM null
INFO: Files: 73
Apr 05, 2019 8:57:25 AM null
INFO: Size: 136869576 bytes
Apr 05, 2019 8:57:25 AM null
INFO: Unaccessible: 0 files
Apr 05, 2019 8:57:25 AM null
INFO: -----------------------------------------------------------------

